Thu Oct 17 17:01:16 IST 2024 Thread[main,5,main] Ignored duplicate property derby.module.validation in jar:file:/C:/Temp/TRG%20SWS/derby.jar!/org/apache/derby/modules.properties
Thu Oct 17 17:01:16 IST 2024 Thread[main,5,main] Ignored duplicate property derby.module.database.slave in jar:file:/C:/Temp/TRG%20SWS/derby.jar!/org/apache/derby/modules.properties
Thu Oct 17 17:01:16 IST 2024 Thread[main,5,main] Ignored duplicate property derby.module.classManagerJ2 in jar:file:/C:/Temp/TRG%20SWS/derby.jar!/org/apache/derby/modules.properties
Thu Oct 17 17:01:16 IST 2024 Thread[main,5,main] Ignored duplicate property derby.module.netServer.autoStart in jar:file:/C:/Temp/TRG%20SWS/derby.jar!/org/apache/derby/modules.properties
Thu Oct 17 17:01:16 IST 2024 Thread[main,5,main] Ignored duplicate property derby.module.nativeAuthentication in jar:file:/C:/Temp/TRG%20SWS/derby.jar!/org/apache/derby/modules.properties
Thu Oct 17 17:01:16 IST 2024 Thread[main,5,main] Ignored duplicate property derby.module.access.btree in jar:file:/C:/Temp/TRG%20SWS/derby.jar!/org/apache/derby/modules.properties
Thu Oct 17 17:01:16 IST 2024 Thread[main,5,main] Ignored duplicate property derby.module.access.uniquewithduplicatenullssort in jar:file:/C:/Temp/TRG%20SWS/derby.jar!/org/apache/derby/modules.properties
Thu Oct 17 17:01:16 IST 2024 Thread[main,5,main] Ignored duplicate property derby.module.daemon in jar:file:/C:/Temp/TRG%20SWS/derby.jar!/org/apache/derby/modules.properties
Thu Oct 17 17:01:16 IST 2024 Thread[main,5,main] Ignored duplicate property derby.env.classes.jdbcJ8 in jar:file:/C:/Temp/TRG%20SWS/derby.jar!/org/apache/derby/modules.properties
Thu Oct 17 17:01:16 IST 2024 Thread[main,5,main] Ignored duplicate property derby.module.lf in jar:file:/C:/Temp/TRG%20SWS/derby.jar!/org/apache/derby/modules.properties
Thu Oct 17 17:01:16 IST 2024 Thread[main,5,main] Ignored duplicate property derby.module.uuidJ1 in jar:file:/C:/Temp/TRG%20SWS/derby.jar!/org/apache/derby/modules.properties
Thu Oct 17 17:01:16 IST 2024 Thread[main,5,main] Ignored duplicate property derby.module.timerJ1 in jar:file:/C:/Temp/TRG%20SWS/derby.jar!/org/apache/derby/modules.properties
Thu Oct 17 17:01:16 IST 2024 Thread[main,5,main] Ignored duplicate property derby.module.rawStore.transaction in jar:file:/C:/Temp/TRG%20SWS/derby.jar!/org/apache/derby/modules.properties
Thu Oct 17 17:01:16 IST 2024 Thread[main,5,main] Ignored duplicate property derby.env.jdk.cryptographyJ2 in jar:file:/C:/Temp/TRG%20SWS/derby.jar!/org/apache/derby/modules.properties
Thu Oct 17 17:01:16 IST 2024 Thread[main,5,main] Ignored duplicate property derby.module.cryptographyJ2 in jar:file:/C:/Temp/TRG%20SWS/derby.jar!/org/apache/derby/modules.properties
Thu Oct 17 17:01:16 IST 2024 Thread[main,5,main] Ignored duplicate property derby.env.jdk.resourceAdapterJ2 in jar:file:/C:/Temp/TRG%20SWS/derby.jar!/org/apache/derby/modules.properties
Thu Oct 17 17:01:16 IST 2024 Thread[main,5,main] Ignored duplicate property derby.module.access.sort in jar:file:/C:/Temp/TRG%20SWS/derby.jar!/org/apache/derby/modules.properties
Thu Oct 17 17:01:16 IST 2024 Thread[main,5,main] Ignored duplicate property derby.env.classes.JNDIAuthentication in jar:file:/C:/Temp/TRG%20SWS/derby.jar!/org/apache/derby/modules.properties
Thu Oct 17 17:01:16 IST 2024 Thread[main,5,main] Ignored duplicate property derby.module.basicAuthentication in jar:file:/C:/Temp/TRG%20SWS/derby.jar!/org/apache/derby/modules.properties
Thu Oct 17 17:01:16 IST 2024 Thread[main,5,main] Ignored duplicate property derby.module.tcf in jar:file:/C:/Temp/TRG%20SWS/derby.jar!/org/apache/derby/modules.properties
Thu Oct 17 17:01:16 IST 2024 Thread[main,5,main] Ignored duplicate property derby.module.database in jar:file:/C:/Temp/TRG%20SWS/derby.jar!/org/apache/derby/modules.properties
Thu Oct 17 17:01:16 IST 2024 Thread[main,5,main] Ignored duplicate property derby.module.ef in jar:file:/C:/Temp/TRG%20SWS/derby.jar!/org/apache/derby/modules.properties
Thu Oct 17 17:01:16 IST 2024 Thread[main,5,main] Ignored duplicate property derby.module.streams in jar:file:/C:/Temp/TRG%20SWS/derby.jar!/org/apache/derby/modules.properties
Thu Oct 17 17:01:16 IST 2024 Thread[main,5,main] Ignored duplicate property derby.module.lcf in jar:file:/C:/Temp/TRG%20SWS/derby.jar!/org/apache/derby/modules.properties
Thu Oct 17 17:01:16 IST 2024 Thread[main,5,main] Ignored duplicate property derby.module.rawStore.log.readonly in jar:file:/C:/Temp/TRG%20SWS/derby.jar!/org/apache/derby/modules.properties
Thu Oct 17 17:01:16 IST 2024 Thread[main,5,main] Ignored duplicate property derby.env.jdk.lockManagerJ6 in jar:file:/C:/Temp/TRG%20SWS/derby.jar!/org/apache/derby/modules.properties
Thu Oct 17 17:01:16 IST 2024 Thread[main,5,main] Ignored duplicate property derby.module.dataDictionary in jar:file:/C:/Temp/TRG%20SWS/derby.jar!/org/apache/derby/modules.properties
Thu Oct 17 17:01:16 IST 2024 Thread[main,5,main] Ignored duplicate property derby.env.classes.resourceAdapterJ2 in jar:file:/C:/Temp/TRG%20SWS/derby.jar!/org/apache/derby/modules.properties
Thu Oct 17 17:01:16 IST 2024 Thread[main,5,main] Ignored duplicate property derby.env.classes.rawStore.data.genericJ4 in jar:file:/C:/Temp/TRG%20SWS/derby.jar!/org/apache/derby/modules.properties
Thu Oct 17 17:01:16 IST 2024 Thread[main,5,main] Ignored duplicate property derby.module.XPLAINFactory in jar:file:/C:/Temp/TRG%20SWS/derby.jar!/org/apache/derby/modules.properties
Thu Oct 17 17:01:16 IST 2024 Thread[main,5,main] Ignored duplicate property derby.module.resourceAdapterJ2 in jar:file:/C:/Temp/TRG%20SWS/derby.jar!/org/apache/derby/modules.properties
Thu Oct 17 17:01:16 IST 2024 Thread[main,5,main] Ignored duplicate property derby.module.rawStore.log in jar:file:/C:/Temp/TRG%20SWS/derby.jar!/org/apache/derby/modules.properties
Thu Oct 17 17:01:16 IST 2024 Thread[main,5,main] Ignored duplicate property derby.env.classes.cryptographyJ2 in jar:file:/C:/Temp/TRG%20SWS/derby.jar!/org/apache/derby/modules.properties
Thu Oct 17 17:01:16 IST 2024 Thread[main,5,main] Ignored duplicate property derby.module.resultSetStatisticsFactory in jar:file:/C:/Temp/TRG%20SWS/derby.jar!/org/apache/derby/modules.properties
Thu Oct 17 17:01:16 IST 2024 Thread[main,5,main] Ignored duplicate property derby.module.access.heap in jar:file:/C:/Temp/TRG%20SWS/derby.jar!/org/apache/derby/modules.properties
Thu Oct 17 17:01:16 IST 2024 Thread[main,5,main] Ignored duplicate property derby.module.dvfJ2 in jar:file:/C:/Temp/TRG%20SWS/derby.jar!/org/apache/derby/modules.properties
Thu Oct 17 17:01:16 IST 2024 Thread[main,5,main] Ignored duplicate property derby.module.optimizer in jar:file:/C:/Temp/TRG%20SWS/derby.jar!/org/apache/derby/modules.properties
Thu Oct 17 17:01:16 IST 2024 Thread[main,5,main] Ignored duplicate property derby.module.jdbcJ8 in jar:file:/C:/Temp/TRG%20SWS/derby.jar!/org/apache/derby/modules.properties
Thu Oct 17 17:01:16 IST 2024 Thread[main,5,main] Ignored duplicate property derby.module.lockManagerJ6 in jar:file:/C:/Temp/TRG%20SWS/derby.jar!/org/apache/derby/modules.properties
Thu Oct 17 17:01:16 IST 2024 Thread[main,5,main] Ignored duplicate property derby.env.jdk.cacheManagerJ6 in jar:file:/C:/Temp/TRG%20SWS/derby.jar!/org/apache/derby/modules.properties
Thu Oct 17 17:01:16 IST 2024 Thread[main,5,main] Ignored duplicate property derby.module.mgmt.jmx in jar:file:/C:/Temp/TRG%20SWS/derby.jar!/org/apache/derby/modules.properties
Thu Oct 17 17:01:16 IST 2024 Thread[main,5,main] Ignored duplicate property derby.module.replication.master in jar:file:/C:/Temp/TRG%20SWS/derby.jar!/org/apache/derby/modules.properties
Thu Oct 17 17:01:16 IST 2024 Thread[main,5,main] Ignored duplicate property derby.module.NoneAuthentication in jar:file:/C:/Temp/TRG%20SWS/derby.jar!/org/apache/derby/modules.properties
Thu Oct 17 17:01:16 IST 2024 Thread[main,5,main] Ignored duplicate property derby.module.rawStore.data.genericJ4 in jar:file:/C:/Temp/TRG%20SWS/derby.jar!/org/apache/derby/modules.properties
Thu Oct 17 17:01:16 IST 2024 Thread[main,5,main] Ignored duplicate property derby.env.jdk.jdbcJ8 in jar:file:/C:/Temp/TRG%20SWS/derby.jar!/org/apache/derby/modules.properties
Thu Oct 17 17:01:16 IST 2024 Thread[main,5,main] Ignored duplicate property derby.module.cacheManagerJ6 in jar:file:/C:/Temp/TRG%20SWS/derby.jar!/org/apache/derby/modules.properties
Thu Oct 17 17:01:16 IST 2024 Thread[main,5,main] Ignored duplicate property derby.module.rawStore.data.genericJ1 in jar:file:/C:/Temp/TRG%20SWS/derby.jar!/org/apache/derby/modules.properties
Thu Oct 17 17:01:16 IST 2024 Thread[main,5,main] Ignored duplicate property derby.env.jdk.dvfJ2 in jar:file:/C:/Temp/TRG%20SWS/derby.jar!/org/apache/derby/modules.properties
Thu Oct 17 17:01:16 IST 2024 Thread[main,5,main] Ignored duplicate property derby.env.classes.dvfJ2 in jar:file:/C:/Temp/TRG%20SWS/derby.jar!/org/apache/derby/modules.properties
Thu Oct 17 17:01:16 IST 2024 Thread[main,5,main] Ignored duplicate property derby.module.javaCompiler in jar:file:/C:/Temp/TRG%20SWS/derby.jar!/org/apache/derby/modules.properties
Thu Oct 17 17:01:16 IST 2024 Thread[main,5,main] Ignored duplicate property derby.module.replication.slave in jar:file:/C:/Temp/TRG%20SWS/derby.jar!/org/apache/derby/modules.properties
Thu Oct 17 17:01:16 IST 2024 Thread[main,5,main] Ignored duplicate property derby.module.specificAuthentication in jar:file:/C:/Temp/TRG%20SWS/derby.jar!/org/apache/derby/modules.properties
Thu Oct 17 17:01:16 IST 2024 Thread[main,5,main] Ignored duplicate property derby.module.mgmt.null in jar:file:/C:/Temp/TRG%20SWS/derby.jar!/org/apache/derby/modules.properties
Thu Oct 17 17:01:16 IST 2024 Thread[main,5,main] Ignored duplicate property derby.module.rawStore in jar:file:/C:/Temp/TRG%20SWS/derby.jar!/org/apache/derby/modules.properties
Thu Oct 17 17:01:16 IST 2024 Thread[main,5,main] Ignored duplicate property derby.module.JNDIAuthentication in jar:file:/C:/Temp/TRG%20SWS/derby.jar!/org/apache/derby/modules.properties
Thu Oct 17 17:01:16 IST 2024 Thread[main,5,main] Ignored duplicate property derby.env.jdk.rawStore.data.genericJ1 in jar:file:/C:/Temp/TRG%20SWS/derby.jar!/org/apache/derby/modules.properties
Thu Oct 17 17:01:16 IST 2024 Thread[main,5,main] Ignored duplicate property derby.module.access in jar:file:/C:/Temp/TRG%20SWS/derby.jar!/org/apache/derby/modules.properties
Thu Oct 17 17:01:16 IST 2024 Thread[main,5,main] Ignored duplicate property derby.env.jdk.mgmt.jmx in jar:file:/C:/Temp/TRG%20SWS/derby.jar!/org/apache/derby/modules.properties
Thu Oct 17 17:01:16 IST 2024 Thread[main,5,main] Ignored duplicate property derby.env.jdk.rawStore.data.genericJ4 in jar:file:/C:/Temp/TRG%20SWS/derby.jar!/org/apache/derby/modules.properties
----------------------------------------------------------------
Thu Oct 17 17:01:16 IST 2024:
Booting Derby version The Apache Software Foundation - Apache Derby - 10.14.2.0 - (1828579): instance a816c00e-0192-9a3f-0ad9-000007d06c00 
on database directory C:\29 August Java Batch Product\Aug29_Java_Ninja_Group4\Java Project Group 4\Ecart with class loader jdk.internal.loader.ClassLoaders$AppClassLoader@6e5e91e4 
Loaded from file:/C:/29%20August%20Java%20Batch%20Product/Aug29_Java_Ninja_Group4/Java%20Project%20Group%204/src/main/webapp/WEB-INF/lib/derby.jar
java.vendor=Oracle Corporation
java.runtime.version=11.0.2-redhat+7-LTS
user.dir=C:\29 August Java Batch Product\Aug29_Java_Ninja_Group4\Java Project Group 4
os.name=Windows 10
os.arch=amd64
os.version=10.0
derby.system.home=null
Database Class Loader started - derby.database.classpath=''
